GCCcore/8.3.0
zlib/1.2.11-GCCcore-8.3.0
binutils/2.32-GCCcore-8.3.0
GCC/8.3.0
numactl/2.0.12-GCCcore-8.3.0
XZ/5.2.4-GCCcore-8.3.0
libxml2/2.9.9-GCCcore-8.3.0
libpciaccess/0.14-GCCcore-8.3.0
hwloc/1.11.12-GCCcore-8.3.0
OpenMPI/3.1.4-GCC-8.3.0
OpenBLAS/0.3.7-GCC-8.3.0
gompi/2019b
FFTW/3.3.8-gompi-2019b
ScaLAPACK/2.0.2-gompi-2019b
foss/2019b
expat/2.2.7-GCCcore-8.3.0
Perl/5.30.0-GCCcore-8.3.0
tbb/2019_U9-GCCcore-8.3.0
Bowtie2/2.3.5.1-GCC-8.3.0
ncurses/6.1-GCCcore-8.3.0
bzip2/1.0.8-GCCcore-8.3.0
cURL/7.66.0-GCCcore-8.3.0
SAMtools/1.10-GCC-8.3.0
Bismark/0.22.3-foss-2019b
Path to genome folder specified as: /rds/projects/v/vianaj-genomics-brain-development/MATRICS/genome/
Aligner to be used: >> Bowtie 2 << (user-defined)
Writing bisulfite genomes out into a single MFA (multi FastA) file

Bismark Genome Preparation - Step I: Preparing folders

Bisulfite Genome Indexer version v0.22.3 (last modified: 14 April 2019)

A directory called /rds/projects/v/vianaj-genomics-brain-development/MATRICS/genome/Bisulfite_Genome/ already exists. Already existing converted sequences and/or already existing Bowtie 2 or HISAT2) indices will be overwritten!


Step I - Prepare genome folders - completed


Bismark Genome Preparation - Step II: Bisulfite converting reference genome

conversions performed:
chromosome	C->T	G->A
1	39495313	39467408
10	26277876	26331308
11	26022668	26004597
12	24374340	24425412
13	24377641	24373242
14	24980458	25007278
15	21121081	21109684
16	19439086	19460557
17	19586991	19566481
18	18095575	18143740
19	12449343	12420880
2	37504114	37542456
3	31603703	31659979
4	32146231	32165231
5	31456650	31459158
6	30315703	30290914
7	30554235	30519876
8	26616967	26602467
9	25880876	25859081
MT	3976	2013
X	32081377	32093826
Y	17175367	17092621
JH584299.1	196679	194475
GL456233.1	59826	57888
JH584301.1	49630	52220
GL456211.1	53784	52384
GL456350.1	53125	53629
JH584293.1	49544	49221
GL456221.1	44248	45898
JH584297.1	42059	42163
JH584296.1	41022	40705
GL456354.1	40330	40258
JH584294.1	44615	45961
JH584298.1	37547	38061
JH584300.1	35488	36307
GL456219.1	34883	35727
GL456210.1	37533	37162
JH584303.1	31726	31235
JH584302.1	30031	30742
GL456212.1	33862	33317
JH584304.1	26005	22257
GL456379.1	13182	13573
GL456216.1	9899	11454
GL456393.1	11724	11841
GL456366.1	8411	8579
GL456367.1	7202	8000
GL456239.1	8413	8616
GL456213.1	8782	8536
GL456383.1	6954	4475
GL456385.1	6854	6900
GL456360.1	6402	6234
GL456378.1	6106	6240
GL456389.1	5331	5344
GL456372.1	5466	5079
GL456370.1	3287	2675
GL456381.1	4370	5498
GL456387.1	4791	5863
GL456390.1	1930	2970
GL456394.1	4156	4651
GL456392.1	3685	4929
GL456382.1	4209	4285
GL456359.1	4277	4578
GL456396.1	3855	4663
GL456368.1	3755	3723
JH584292.1	2657	2982
JH584295.1	611	611

Total number of conversions performed:
C->T:	552647817
G->A:	552690118

Step II - Genome bisulfite conversions - completed


Bismark Genome Preparation - Step III: Launching the Bowtie 2 indexer
Please be aware that this process can - depending on genome size - take several hours!

Preparing indexing of CT converted genome in /rds/projects/v/vianaj-genomics-brain-development/MATRICS/genome/Bisulfite_Genome/CT_conversion/
Parent process: Starting to index C->T converted genome with the following command:

bowtie2-build  -f genome_mfa.CT_conversion.fa BS_CT

Settings:
  Output files: "BS_CT.*.bt2"
  Line rate: 6 (line is 64 bytes)
  Lines per side: 1 (side is 64 bytes)
  Offset rate: 4 (one in 16)
  FTable chars: 10
  Strings: unpacked
  Max bucket size: default
  Max bucket size, sqrt multiplier: default
  Max bucket size, len divisor: 4
  Difference-cover sample period: 1024
  Endianness: little
  Actual local endianness: little
  Sanity checking: disabled
  Assertions: disabled
  Random seed: 0
  Sizeofs: void*:8, int:4, long:8, size_t:8
Input files DNA, FASTA:
  genome_mfa.CT_conversion.fa
Building a SMALL index
Reading reference sizes
Preparing indexing of GA converted genome in /rds/projects/v/vianaj-genomics-brain-development/MATRICS/genome/Bisulfite_Genome/GA_conversion/
Child process: Starting to index G->A converted genome with the following command:

bowtie2-build  -f genome_mfa.GA_conversion.fa BS_GA

Settings:
  Output files: "BS_GA.*.bt2"
  Line rate: 6 (line is 64 bytes)
  Lines per side: 1 (side is 64 bytes)
  Offset rate: 4 (one in 16)
  FTable chars: 10
  Strings: unpacked
  Max bucket size: default
  Max bucket size, sqrt multiplier: default
  Max bucket size, len divisor: 4
  Difference-cover sample period: 1024
  Endianness: little
  Actual local endianness: little
  Sanity checking: disabled
  Assertions: disabled
  Random seed: 0
  Sizeofs: void*:8, int:4, long:8, size_t:8
Input files DNA, FASTA:
  genome_mfa.GA_conversion.fa
Building a SMALL index
Reading reference sizes
  Time reading reference sizes: 00:00:19
Calculating joined length
Writing header
Reserving space for joined string
Joining reference sequences
  Time reading reference sizes: 00:00:18
Calculating joined length
Writing header
Reserving space for joined string
Joining reference sequences
  Time to join reference sequences: 00:00:13
bmax according to bmaxDivN setting: 663195875
Using parameters --bmax 497396907 --dcv 1024
  Doing ahead-of-time memory usage test
  Time to join reference sequences: 00:00:13
bmax according to bmaxDivN setting: 663195875
Using parameters --bmax 497396907 --dcv 1024
  Doing ahead-of-time memory usage test
  Passed!  Constructing with these parameters: --bmax 497396907 --dcv 1024
Constructing suffix-array element generator
Building DifferenceCoverSample
  Building sPrime
  Building sPrimeOrder
  Passed!  Constructing with these parameters: --bmax 497396907 --dcv 1024
Constructing suffix-array element generator
Building DifferenceCoverSample
  Building sPrime
  V-Sorting samples
  Building sPrimeOrder
  V-Sorting samples
  V-Sorting samples time: 00:01:05
  Allocating rank array
  Ranking v-sort output
  V-Sorting samples time: 00:01:06
  Allocating rank array
  Ranking v-sort output
  Ranking v-sort output time: 00:00:16
  Invoking Larsson-Sadakane on ranks
  Ranking v-sort output time: 00:00:16
  Invoking Larsson-Sadakane on ranks
  Invoking Larsson-Sadakane on ranks time: 00:00:28
  Sanity-checking and returning
Building samples
Reserving space for 12 sample suffixes
Generating random suffixes
QSorting 12 sample offsets, eliminating duplicates
QSorting sample offsets, eliminating duplicates time: 00:00:00
Multikey QSorting 12 samples
  (Using difference cover)
  Multikey QSorting samples time: 00:00:00
Calculating bucket sizes
Splitting and merging
  Splitting and merging time: 00:00:00
Avg bucket size: 2.65278e+09 (target: 497396906)
Converting suffix-array elements to index image
Allocating ftab, absorbFtab
Entering Ebwt loop
Getting block 1 of 1
  No samples; assembling all-inclusive block
  Invoking Larsson-Sadakane on ranks time: 00:00:28
  Sanity-checking and returning
Building samples
Reserving space for 12 sample suffixes
Generating random suffixes
QSorting 12 sample offsets, eliminating duplicates
QSorting sample offsets, eliminating duplicates time: 00:00:00
Multikey QSorting 12 samples
  (Using difference cover)
  Multikey QSorting samples time: 00:00:00
Calculating bucket sizes
Splitting and merging
  Splitting and merging time: 00:00:00
Avg bucket size: 2.65278e+09 (target: 497396906)
Converting suffix-array elements to index image
Allocating ftab, absorbFtab
Entering Ebwt loop
Getting block 1 of 1
  No samples; assembling all-inclusive block
  Sorting block of length 2652783500 for bucket 1
  (Using difference cover)
  Sorting block of length 2652783500 for bucket 1
  (Using difference cover)
  Sorting block time: 00:22:52
Returning block of 2652783501 for bucket 1
  Sorting block time: 00:23:19
Returning block of 2652783501 for bucket 1
Exited Ebwt loop
fchr[A]: 0
fchr[C]: 773280124
fchr[G]: 773280124
fchr[T]: 1325970242
fchr[$]: 2652783500
Exiting Ebwt::buildToDisk()
Returning from initFromVector
Wrote 888465190 bytes to primary EBWT file: BS_CT.1.bt2
Wrote 663195880 bytes to secondary EBWT file: BS_CT.2.bt2
Re-opening _in1 and _in2 as input streams
Returning from Ebwt constructor
Headers:
    len: 2652783500
    bwtLen: 2652783501
    sz: 663195875
    bwtSz: 663195876
    lineRate: 6
    offRate: 4
    offMask: 0xfffffff0
    ftabChars: 10
    eftabLen: 20
    eftabSz: 80
    ftabLen: 1048577
    ftabSz: 4194308
    offsLen: 165798969
    offsSz: 663195876
    lineSz: 64
    sideSz: 64
    sideBwtSz: 48
    sideBwtLen: 192
    numSides: 13816581
    numLines: 13816581
    ebwtTotLen: 884261184
    ebwtTotSz: 884261184
    color: 0
    reverse: 0
Total time for call to driver() for forward index: 00:28:10
Reading reference sizes
  Time reading reference sizes: 00:00:15
Calculating joined length
Writing header
Reserving space for joined string
Joining reference sequences
  Time to join reference sequences: 00:00:13
  Time to reverse reference sequence: 00:00:02
bmax according to bmaxDivN setting: 663195875
Using parameters --bmax 497396907 --dcv 1024
  Doing ahead-of-time memory usage test
  Passed!  Constructing with these parameters: --bmax 497396907 --dcv 1024
Constructing suffix-array element generator
Building DifferenceCoverSample
  Building sPrime
  Building sPrimeOrder
  V-Sorting samples
Exited Ebwt loop
fchr[A]: 0
fchr[C]: 1325970242
fchr[G]: 1878618059
fchr[T]: 1878618059
fchr[$]: 2652783500
Exiting Ebwt::buildToDisk()
Returning from initFromVector
Wrote 888465190 bytes to primary EBWT file: BS_GA.1.bt2
Wrote 663195880 bytes to secondary EBWT file: BS_GA.2.bt2
Re-opening _in1 and _in2 as input streams
Returning from Ebwt constructor
Headers:
    len: 2652783500
    bwtLen: 2652783501
    sz: 663195875
    bwtSz: 663195876
    lineRate: 6
    offRate: 4
    offMask: 0xfffffff0
    ftabChars: 10
    eftabLen: 20
    eftabSz: 80
    ftabLen: 1048577
    ftabSz: 4194308
    offsLen: 165798969
    offsSz: 663195876
    lineSz: 64
    sideSz: 64
    sideBwtSz: 48
    sideBwtLen: 192
    numSides: 13816581
    numLines: 13816581
    ebwtTotLen: 884261184
    ebwtTotSz: 884261184
    color: 0
    reverse: 0
Total time for call to driver() for forward index: 00:28:47
Reading reference sizes
  Time reading reference sizes: 00:00:15
Calculating joined length
Writing header
Reserving space for joined string
Joining reference sequences
  Time to join reference sequences: 00:00:14
  Time to reverse reference sequence: 00:00:02
bmax according to bmaxDivN setting: 663195875
Using parameters --bmax 497396907 --dcv 1024
  Doing ahead-of-time memory usage test
  Passed!  Constructing with these parameters: --bmax 497396907 --dcv 1024
Constructing suffix-array element generator
Building DifferenceCoverSample
  Building sPrime
  Building sPrimeOrder
  V-Sorting samples
  V-Sorting samples time: 00:01:05
  Allocating rank array
  Ranking v-sort output
  Ranking v-sort output time: 00:00:16
  Invoking Larsson-Sadakane on ranks
  V-Sorting samples time: 00:01:06
  Allocating rank array
  Ranking v-sort output
  Invoking Larsson-Sadakane on ranks time: 00:00:28
  Sanity-checking and returning
Building samples
Reserving space for 12 sample suffixes
Generating random suffixes
QSorting 12 sample offsets, eliminating duplicates
QSorting sample offsets, eliminating duplicates time: 00:00:00
Multikey QSorting 12 samples
  (Using difference cover)
  Multikey QSorting samples time: 00:00:00
Calculating bucket sizes
Splitting and merging
  Splitting and merging time: 00:00:00
Avg bucket size: 2.65278e+09 (target: 497396906)
Converting suffix-array elements to index image
Allocating ftab, absorbFtab
Entering Ebwt loop
Getting block 1 of 1
  No samples; assembling all-inclusive block
  Sorting block of length 2652783500 for bucket 1
  (Using difference cover)
  Ranking v-sort output time: 00:00:17
  Invoking Larsson-Sadakane on ranks
  Invoking Larsson-Sadakane on ranks time: 00:00:28
  Sanity-checking and returning
Building samples
Reserving space for 12 sample suffixes
Generating random suffixes
QSorting 12 sample offsets, eliminating duplicates
QSorting sample offsets, eliminating duplicates time: 00:00:00
Multikey QSorting 12 samples
  (Using difference cover)
  Multikey QSorting samples time: 00:00:00
Calculating bucket sizes
Splitting and merging
  Splitting and merging time: 00:00:00
Avg bucket size: 2.65278e+09 (target: 497396906)
Converting suffix-array elements to index image
Allocating ftab, absorbFtab
Entering Ebwt loop
Getting block 1 of 1
  No samples; assembling all-inclusive block
  Sorting block of length 2652783500 for bucket 1
  (Using difference cover)
  Sorting block time: 00:22:51
Returning block of 2652783501 for bucket 1
  Sorting block time: 00:23:21
Returning block of 2652783501 for bucket 1
Exited Ebwt loop
fchr[A]: 0
fchr[C]: 773280124
fchr[G]: 773280124
fchr[T]: 1325970242
fchr[$]: 2652783500
Exiting Ebwt::buildToDisk()
Returning from initFromVector
Wrote 888465190 bytes to primary EBWT file: BS_CT.rev.1.bt2
Wrote 663195880 bytes to secondary EBWT file: BS_CT.rev.2.bt2
Re-opening _in1 and _in2 as input streams
Returning from Ebwt constructor
Headers:
    len: 2652783500
    bwtLen: 2652783501
    sz: 663195875
    bwtSz: 663195876
    lineRate: 6
    offRate: 4
    offMask: 0xfffffff0
    ftabChars: 10
    eftabLen: 20
    eftabSz: 80
    ftabLen: 1048577
    ftabSz: 4194308
    offsLen: 165798969
    offsSz: 663195876
    lineSz: 64
    sideSz: 64
    sideBwtSz: 48
    sideBwtLen: 192
    numSides: 13816581
    numLines: 13816581
    ebwtTotLen: 884261184
    ebwtTotSz: 884261184
    color: 0
    reverse: 1
Total time for backward call to driver() for mirror index: 00:28:12
Exited Ebwt loop
fchr[A]: 0
fchr[C]: 1325970242
fchr[G]: 1878618059
fchr[T]: 1878618059
fchr[$]: 2652783500
Exiting Ebwt::buildToDisk()
Returning from initFromVector
Wrote 888465190 bytes to primary EBWT file: BS_GA.rev.1.bt2
Wrote 663195880 bytes to secondary EBWT file: BS_GA.rev.2.bt2
Re-opening _in1 and _in2 as input streams
Returning from Ebwt constructor
Headers:
    len: 2652783500
    bwtLen: 2652783501
    sz: 663195875
    bwtSz: 663195876
    lineRate: 6
    offRate: 4
    offMask: 0xfffffff0
    ftabChars: 10
    eftabLen: 20
    eftabSz: 80
    ftabLen: 1048577
    ftabSz: 4194308
    offsLen: 165798969
    offsSz: 663195876
    lineSz: 64
    sideSz: 64
    sideBwtSz: 48
    sideBwtLen: 192
    numSides: 13816581
    numLines: 13816581
    ebwtTotLen: 884261184
    ebwtTotSz: 884261184
    color: 0
    reverse: 1
Total time for backward call to driver() for mirror index: 00:28:36
